[2026-01-17T05:37:35.288Z] INFO: 🚀 Server listening on http://localhost:9090 - [development]
[2026-01-17T05:37:35.292Z] INFO: 🌐 Socket.io server is also running
[2026-01-17T05:37:35.294Z] ERROR: uncaughtException: write EPIPE
Error: write EPIPE
    at afterWriteDispatched (node:internal/stream_base_commons:159:15)
    at writeGeneric (node:internal/stream_base_commons:150:3)
    at Socket._writeGeneric (node:net:966:11)
    at Socket._write (node:net:978:8)
    at writeOrBuffer (node:internal/streams/writable:570:12)
    at _write (node:internal/streams/writable:499:10)
    at Socket.Writable.write (node:internal/streams/writable:508:10)
    at Console.log (/Users/rajkoladiya/Magically_Project/team.shivansh-BE/node_modules/winston/lib/winston/transports/console.js:87:23)
    at Console._write (/Users/rajkoladiya/Magically_Project/team.shivansh-BE/node_modules/winston-transport/modern.js:103:17)
    at doWrite (/Users/rajkoladiya/Magically_Project/team.shivansh-BE/node_modules/readable-stream/lib/_stream_writable.js:390:139)
[2026-01-17T05:37:35.294Z] ERROR: uncaughtException: write EPIPE
Error: write EPIPE
    at afterWriteDispatched (node:internal/stream_base_commons:159:15)
    at writeGeneric (node:internal/stream_base_commons:150:3)
    at Socket._writeGeneric (node:net:966:11)
    at Socket._write (node:net:978:8)
    at writeOrBuffer (node:internal/streams/writable:570:12)
    at _write (node:internal/streams/writable:499:10)
    at Socket.Writable.write (node:internal/streams/writable:508:10)
    at Console.log (/Users/rajkoladiya/Magically_Project/team.shivansh-BE/node_modules/winston/lib/winston/transports/console.js:87:23)
    at Console._write (/Users/rajkoladiya/Magically_Project/team.shivansh-BE/node_modules/winston-transport/modern.js:103:17)
    at doWrite (/Users/rajkoladiya/Magically_Project/team.shivansh-BE/node_modules/readable-stream/lib/_stream_writable.js:390:139)
[2026-01-17T05:37:35.327Z] ERROR: uncaughtException: write EPIPE
Error: write EPIPE
    at afterWriteDispatched (node:internal/stream_base_commons:159:15)
    at writeGeneric (node:internal/stream_base_commons:150:3)
    at Socket._writeGeneric (node:net:966:11)
    at Socket._write (node:net:978:8)
    at writeOrBuffer (node:internal/streams/writable:570:12)
    at _write (node:internal/streams/writable:499:10)
    at Socket.Writable.write (node:internal/streams/writable:508:10)
    at console.value (node:internal/console/constructor:308:16)
    at console.log (node:internal/console/constructor:395:26)
    at /Users/rajkoladiya/Magically_Project/team.shivansh-BE/src/config/database.config.ts:43:23
[2026-01-17T05:37:35.327Z] ERROR: uncaughtException: write EPIPE
Error: write EPIPE
    at afterWriteDispatched (node:internal/stream_base_commons:159:15)
    at writeGeneric (node:internal/stream_base_commons:150:3)
    at Socket._writeGeneric (node:net:966:11)
    at Socket._write (node:net:978:8)
    at writeOrBuffer (node:internal/streams/writable:570:12)
    at _write (node:internal/streams/writable:499:10)
    at Socket.Writable.write (node:internal/streams/writable:508:10)
    at console.value (node:internal/console/constructor:308:16)
    at console.log (node:internal/console/constructor:395:26)
    at /Users/rajkoladiya/Magically_Project/team.shivansh-BE/src/config/database.config.ts:43:23
